{
  service: 'attendance-system',
  message: 'Application Error Cast to ObjectId failed for value "bulk" (type string) at path "_id" for model "User"',
  stack: 'CastError: Cast to ObjectId failed for value "bulk" (type string) at path "_id" for model "User"\n' +
    '    at SchemaObjectId.cast (D:\\attendance-system\\backend\\node_modules\\mongoose\\lib\\schema\\objectId.js:251:11)\n' +
    '    at SchemaType.applySetters (D:\\attendance-system\\backend\\node_modules\\mongoose\\lib\\schemaType.js:1258:12)\n' +
    '    at SchemaType.castForQuery (D:\\attendance-system\\backend\\node_modules\\mongoose\\lib\\schemaType.js:1694:17)\n' +
    '    at cast (D:\\attendance-system\\backend\\node_modules\\mongoose\\lib\\cast.js:390:32)\n' +
    '    at Query.cast (D:\\attendance-system\\backend\\node_modules\\mongoose\\lib\\query.js:5060:12)\n' +
    '    at Query._castConditions (D:\\attendance-system\\backend\\node_modules\\mongoose\\lib\\query.js:2374:10)\n' +
    '    at model.Query._findOne (D:\\attendance-system\\backend\\node_modules\\mongoose\\lib\\query.js:2697:8)\n' +
    '    at model.Query.exec (D:\\attendance-system\\backend\\node_modules\\mongoose\\lib\\query.js:4627:80)\n' +
    '    at process.processTicksAndRejections (node:internal/process/task_queues:105:5)\n' +
    '    at async D:\\attendance-system\\backend\\routes\\manage.js:169:22',
  operation: 'update_user_permissions',
  userId: 'bulk',
  body: {
    featurePermissions: {
      leaves: true,
      breaks: true,
      extraFeatures: false,
      breakWindows: [
        {
          type: 'Paid',
          name: 'New Break Window',
          startTime: '13:00',
          endTime: '15:30',
          isActive: true
        }
      ]
    },
    applyToAll: true,
    userIds: []
  },
  level: 'error',
  timestamp: '2025-09-13 15:28:26'
}
{
  service: 'attendance-system',
  message: 'Application Error Cast to ObjectId failed for value "bulk" (type string) at path "_id" for model "User"',
  stack: 'CastError: Cast to ObjectId failed for value "bulk" (type string) at path "_id" for model "User"\n' +
    '    at SchemaObjectId.cast (D:\\attendance-system\\backend\\node_modules\\mongoose\\lib\\schema\\objectId.js:251:11)\n' +
    '    at SchemaType.applySetters (D:\\attendance-system\\backend\\node_modules\\mongoose\\lib\\schemaType.js:1258:12)\n' +
    '    at SchemaType.castForQuery (D:\\attendance-system\\backend\\node_modules\\mongoose\\lib\\schemaType.js:1694:17)\n' +
    '    at cast (D:\\attendance-system\\backend\\node_modules\\mongoose\\lib\\cast.js:390:32)\n' +
    '    at Query.cast (D:\\attendance-system\\backend\\node_modules\\mongoose\\lib\\query.js:5060:12)\n' +
    '    at Query._castConditions (D:\\attendance-system\\backend\\node_modules\\mongoose\\lib\\query.js:2374:10)\n' +
    '    at model.Query._findOne (D:\\attendance-system\\backend\\node_modules\\mongoose\\lib\\query.js:2697:8)\n' +
    '    at model.Query.exec (D:\\attendance-system\\backend\\node_modules\\mongoose\\lib\\query.js:4627:80)\n' +
    '    at process.processTicksAndRejections (node:internal/process/task_queues:105:5)\n' +
    '    at async D:\\attendance-system\\backend\\routes\\manage.js:169:22',
  operation: 'update_user_permissions',
  userId: 'bulk',
  body: {
    featurePermissions: {
      leaves: true,
      breaks: true,
      extraFeatures: false,
      breakWindows: [
        {
          type: 'Paid',
          name: 'Lunch Break ',
          startTime: '13:00',
          endTime: '15:30',
          isActive: true
        }
      ]
    },
    applyToAll: true,
    userIds: []
  },
  level: 'error',
  timestamp: '2025-09-13 15:28:54'
}
{
  service: 'attendance-system',
  message: 'Application Error Cast to ObjectId failed for value "bulk" (type string) at path "_id" for model "User"',
  stack: 'CastError: Cast to ObjectId failed for value "bulk" (type string) at path "_id" for model "User"\n' +
    '    at SchemaObjectId.cast (D:\\attendance-system\\backend\\node_modules\\mongoose\\lib\\schema\\objectId.js:251:11)\n' +
    '    at SchemaType.applySetters (D:\\attendance-system\\backend\\node_modules\\mongoose\\lib\\schemaType.js:1258:12)\n' +
    '    at SchemaType.castForQuery (D:\\attendance-system\\backend\\node_modules\\mongoose\\lib\\schemaType.js:1694:17)\n' +
    '    at cast (D:\\attendance-system\\backend\\node_modules\\mongoose\\lib\\cast.js:390:32)\n' +
    '    at Query.cast (D:\\attendance-system\\backend\\node_modules\\mongoose\\lib\\query.js:5060:12)\n' +
    '    at Query._castConditions (D:\\attendance-system\\backend\\node_modules\\mongoose\\lib\\query.js:2374:10)\n' +
    '    at model.Query._findOne (D:\\attendance-system\\backend\\node_modules\\mongoose\\lib\\query.js:2697:8)\n' +
    '    at model.Query.exec (D:\\attendance-system\\backend\\node_modules\\mongoose\\lib\\query.js:4627:80)\n' +
    '    at process.processTicksAndRejections (node:internal/process/task_queues:105:5)\n' +
    '    at async D:\\attendance-system\\backend\\routes\\manage.js:168:22',
  operation: 'update_user_permissions',
  userId: 'bulk',
  body: {
    featurePermissions: {
      leaves: true,
      breaks: true,
      extraFeatures: false,
      breakWindows: [
        {
          type: 'Paid',
          name: 'Lunch Break',
          startTime: '13:00',
          endTime: '15:30',
          isActive: true
        }
      ]
    },
    applyToAll: true,
    userIds: []
  },
  level: 'error',
  timestamp: '2025-09-13 16:33:18'
}
{
  service: 'attendance-system',
  message: 'Application Error Cast to ObjectId failed for value "bulk" (type string) at path "_id" for model "User"',
  stack: 'CastError: Cast to ObjectId failed for value "bulk" (type string) at path "_id" for model "User"\n' +
    '    at SchemaObjectId.cast (D:\\attendance-system\\backend\\node_modules\\mongoose\\lib\\schema\\objectId.js:251:11)\n' +
    '    at SchemaType.applySetters (D:\\attendance-system\\backend\\node_modules\\mongoose\\lib\\schemaType.js:1258:12)\n' +
    '    at SchemaType.castForQuery (D:\\attendance-system\\backend\\node_modules\\mongoose\\lib\\schemaType.js:1694:17)\n' +
    '    at cast (D:\\attendance-system\\backend\\node_modules\\mongoose\\lib\\cast.js:390:32)\n' +
    '    at Query.cast (D:\\attendance-system\\backend\\node_modules\\mongoose\\lib\\query.js:5060:12)\n' +
    '    at Query._castConditions (D:\\attendance-system\\backend\\node_modules\\mongoose\\lib\\query.js:2374:10)\n' +
    '    at model.Query._findOne (D:\\attendance-system\\backend\\node_modules\\mongoose\\lib\\query.js:2697:8)\n' +
    '    at model.Query.exec (D:\\attendance-system\\backend\\node_modules\\mongoose\\lib\\query.js:4627:80)\n' +
    '    at process.processTicksAndRejections (node:internal/process/task_queues:105:5)\n' +
    '    at async D:\\attendance-system\\backend\\routes\\manage.js:168:22',
  operation: 'update_user_permissions',
  userId: 'bulk',
  body: {
    featurePermissions: {
      leaves: true,
      breaks: true,
      extraFeatures: false,
      breakWindows: [
        {
          type: 'Paid',
          name: 'Lunch Break ',
          startTime: '13:00',
          endTime: '15:30',
          isActive: true
        }
      ]
    },
    applyToAll: true,
    userIds: []
  },
  level: 'error',
  timestamp: '2025-09-13 16:34:45'
}
{
  service: 'attendance-system',
  message: 'Application Error Cast to ObjectId failed for value "bulk" (type string) at path "_id" for model "User"',
  stack: 'CastError: Cast to ObjectId failed for value "bulk" (type string) at path "_id" for model "User"\n' +
    '    at SchemaObjectId.cast (D:\\attendance-system\\backend\\node_modules\\mongoose\\lib\\schema\\objectId.js:251:11)\n' +
    '    at SchemaType.applySetters (D:\\attendance-system\\backend\\node_modules\\mongoose\\lib\\schemaType.js:1258:12)\n' +
    '    at SchemaType.castForQuery (D:\\attendance-system\\backend\\node_modules\\mongoose\\lib\\schemaType.js:1694:17)\n' +
    '    at cast (D:\\attendance-system\\backend\\node_modules\\mongoose\\lib\\cast.js:390:32)\n' +
    '    at Query.cast (D:\\attendance-system\\backend\\node_modules\\mongoose\\lib\\query.js:5060:12)\n' +
    '    at Query._castConditions (D:\\attendance-system\\backend\\node_modules\\mongoose\\lib\\query.js:2374:10)\n' +
    '    at model.Query._findOne (D:\\attendance-system\\backend\\node_modules\\mongoose\\lib\\query.js:2697:8)\n' +
    '    at model.Query.exec (D:\\attendance-system\\backend\\node_modules\\mongoose\\lib\\query.js:4627:80)\n' +
    '    at process.processTicksAndRejections (node:internal/process/task_queues:105:5)\n' +
    '    at async D:\\attendance-system\\backend\\routes\\manage.js:168:22',
  operation: 'update_user_permissions',
  userId: 'bulk',
  body: {
    featurePermissions: {
      leaves: false,
      breaks: true,
      extraFeatures: false,
      breakWindows: [
        {
          type: 'Paid',
          name: 'Lunch Break ',
          startTime: '13:00',
          endTime: '15:30',
          isActive: true
        }
      ]
    },
    applyToAll: true,
    userIds: []
  },
  level: 'error',
  timestamp: '2025-09-13 17:02:15'
}
{
  service: 'attendance-system',
  message: 'Application Error Cast to ObjectId failed for value "bulk" (type string) at path "_id" for model "User"',
  stack: 'CastError: Cast to ObjectId failed for value "bulk" (type string) at path "_id" for model "User"\n' +
    '    at SchemaObjectId.cast (D:\\attendance-system\\backend\\node_modules\\mongoose\\lib\\schema\\objectId.js:251:11)\n' +
    '    at SchemaType.applySetters (D:\\attendance-system\\backend\\node_modules\\mongoose\\lib\\schemaType.js:1258:12)\n' +
    '    at SchemaType.castForQuery (D:\\attendance-system\\backend\\node_modules\\mongoose\\lib\\schemaType.js:1694:17)\n' +
    '    at cast (D:\\attendance-system\\backend\\node_modules\\mongoose\\lib\\cast.js:390:32)\n' +
    '    at Query.cast (D:\\attendance-system\\backend\\node_modules\\mongoose\\lib\\query.js:5060:12)\n' +
    '    at Query._castConditions (D:\\attendance-system\\backend\\node_modules\\mongoose\\lib\\query.js:2374:10)\n' +
    '    at model.Query._findOne (D:\\attendance-system\\backend\\node_modules\\mongoose\\lib\\query.js:2697:8)\n' +
    '    at model.Query.exec (D:\\attendance-system\\backend\\node_modules\\mongoose\\lib\\query.js:4627:80)\n' +
    '    at process.processTicksAndRejections (node:internal/process/task_queues:105:5)\n' +
    '    at async D:\\attendance-system\\backend\\routes\\manage.js:168:22',
  operation: 'update_user_permissions',
  userId: 'bulk',
  body: {
    featurePermissions: {
      leaves: false,
      breaks: true,
      extraFeatures: false,
      breakWindows: [
        {
          type: 'Paid',
          name: 'Lunch Break',
          startTime: '01:00',
          endTime: '14:00',
          isActive: true
        }
      ]
    },
    applyToAll: true,
    userIds: []
  },
  level: 'error',
  timestamp: '2025-09-13 17:12:08'
}
{
  service: 'attendance-system',
  message: 'Application Error User validation failed: featurePermissions.restrictedFeatures: Cast to Object failed for value "undefined" (type undefined) at path "featurePermissions.restrictedFeatures"',
  stack: 'ValidationError: User validation failed: featurePermissions.restrictedFeatures: Cast to Object failed for value "undefined" (type undefined) at path "featurePermissions.restrictedFeatures"\n' +
    '    at Document.invalidate (D:\\attendance-system\\backend\\node_modules\\mongoose\\lib\\document.js:3358:32)\n' +
    '    at model.$set (D:\\attendance-system\\backend\\node_modules\\mongoose\\lib\\document.js:1201:14)\n' +
    '    at model.$set (D:\\attendance-system\\backend\\node_modules\\mongoose\\lib\\document.js:1227:14)\n' +
    '    at model.set [as featurePermissions] (D:\\attendance-system\\backend\\node_modules\\mongoose\\lib\\helpers\\document\\compile.js:189:13)\n' +
    '    at D:\\attendance-system\\backend\\routes\\manage.js:319:33\n' +
    '    at process.processTicksAndRejections (node:internal/process/task_queues:105:5)',
  operation: 'update_user_permissions',
  userId: '68b6d75156d6ddf88aa41e7f',
  body: {
    featurePermissions: {
      breakWindows: [
        {
          type: 'Paid',
          name: 'Lunch Break',
          startTime: '01:00',
          endTime: '15:30',
          isActive: true,
          _id: '68c559786b38ba7fe8190287'
        }
      ],
      breaks: true,
      extraFeatures: true,
      leaves: true,
      privilegeLevel: 'advanced',
      advancedFeatures: {
        canBulkActions: true,
        canExportData: true,
        canViewAnalytics: true
      }
    }
  },
  level: 'error',
  timestamp: '2025-09-13 17:20:11'
}
{
  service: 'attendance-system',
  message: 'Application Error User validation failed: featurePermissions.restrictedFeatures: Cast to Object failed for value "undefined" (type undefined) at path "featurePermissions.restrictedFeatures"',
  stack: 'ValidationError: User validation failed: featurePermissions.restrictedFeatures: Cast to Object failed for value "undefined" (type undefined) at path "featurePermissions.restrictedFeatures"\n' +
    '    at Document.invalidate (D:\\attendance-system\\backend\\node_modules\\mongoose\\lib\\document.js:3358:32)\n' +
    '    at model.$set (D:\\attendance-system\\backend\\node_modules\\mongoose\\lib\\document.js:1201:14)\n' +
    '    at model.$set (D:\\attendance-system\\backend\\node_modules\\mongoose\\lib\\document.js:1227:14)\n' +
    '    at model.set [as featurePermissions] (D:\\attendance-system\\backend\\node_modules\\mongoose\\lib\\helpers\\document\\compile.js:189:13)\n' +
    '    at D:\\attendance-system\\backend\\routes\\manage.js:319:33\n' +
    '    at process.processTicksAndRejections (node:internal/process/task_queues:105:5)',
  operation: 'update_user_permissions',
  userId: '68b6d75156d6ddf88aa41e7f',
  body: {
    featurePermissions: {
      breakWindows: [
        {
          type: 'Paid',
          name: 'Lunch Break',
          startTime: '01:00',
          endTime: '15:30',
          isActive: true,
          _id: '68c559786b38ba7fe8190287'
        }
      ],
      breaks: true,
      extraFeatures: true,
      leaves: true,
      privilegeLevel: 'advanced',
      advancedFeatures: {
        canBulkActions: true,
        canExportData: true,
        canViewAnalytics: true
      }
    }
  },
  level: 'error',
  timestamp: '2025-09-13 17:21:52'
}
{
  service: 'attendance-system',
  message: 'Application Error Not allowed by CORS',
  stack: 'Error: Not allowed by CORS\n' +
    '    at origin (D:\\ZIP2\\attendance-system\\backend\\config\\security.js:24:16)\n' +
    '    at D:\\ZIP2\\attendance-system\\backend\\node_modules\\cors\\lib\\index.js:219:13\n' +
    '    at optionsCallback (D:\\ZIP2\\attendance-system\\backend\\node_modules\\cors\\lib\\index.js:199:9)\n' +
    '    at corsMiddleware (D:\\ZIP2\\attendance-system\\backend\\node_modules\\cors\\lib\\index.js:204:7)\n' +
    '    at Layer.handleRequest (D:\\ZIP2\\attendance-system\\backend\\node_modules\\router\\lib\\layer.js:152:17)\n' +
    '    at trimPrefix (D:\\ZIP2\\attendance-system\\backend\\node_modules\\router\\index.js:342:13)\n' +
    '    at D:\\ZIP2\\attendance-system\\backend\\node_modules\\router\\index.js:297:9\n' +
    '    at processParams (D:\\ZIP2\\attendance-system\\backend\\node_modules\\router\\index.js:582:12)\n' +
    '    at next (D:\\ZIP2\\attendance-system\\backend\\node_modules\\router\\index.js:291:5)\n' +
    '    at compression (D:\\ZIP2\\attendance-system\\backend\\node_modules\\compression\\index.js:243:5)',
  url: '/api/auth/login',
  method: 'OPTIONS',
  body: undefined,
  params: {},
  query: [Object: null prototype] {},
  level: 'error',
  timestamp: '2025-09-20 18:06:55'
}
{
  service: 'attendance-system',
  message: 'Application Error Not allowed by CORS',
  stack: 'Error: Not allowed by CORS\n' +
    '    at origin (D:\\ZIP2\\attendance-system\\backend\\config\\security.js:24:16)\n' +
    '    at D:\\ZIP2\\attendance-system\\backend\\node_modules\\cors\\lib\\index.js:219:13\n' +
    '    at optionsCallback (D:\\ZIP2\\attendance-system\\backend\\node_modules\\cors\\lib\\index.js:199:9)\n' +
    '    at corsMiddleware (D:\\ZIP2\\attendance-system\\backend\\node_modules\\cors\\lib\\index.js:204:7)\n' +
    '    at Layer.handleRequest (D:\\ZIP2\\attendance-system\\backend\\node_modules\\router\\lib\\layer.js:152:17)\n' +
    '    at trimPrefix (D:\\ZIP2\\attendance-system\\backend\\node_modules\\router\\index.js:342:13)\n' +
    '    at D:\\ZIP2\\attendance-system\\backend\\node_modules\\router\\index.js:297:9\n' +
    '    at processParams (D:\\ZIP2\\attendance-system\\backend\\node_modules\\router\\index.js:582:12)\n' +
    '    at next (D:\\ZIP2\\attendance-system\\backend\\node_modules\\router\\index.js:291:5)\n' +
    '    at compression (D:\\ZIP2\\attendance-system\\backend\\node_modules\\compression\\index.js:243:5)',
  url: '/api/auth/login',
  method: 'POST',
  body: undefined,
  params: {},
  query: [Object: null prototype] {},
  level: 'error',
  timestamp: '2025-09-25 11:44:43'
}
{
  service: 'attendance-system',
  message: 'Application Error Not allowed by CORS',
  stack: 'Error: Not allowed by CORS\n' +
    '    at origin (D:\\ZIP2\\attendance-system\\backend\\config\\security.js:24:16)\n' +
    '    at D:\\ZIP2\\attendance-system\\backend\\node_modules\\cors\\lib\\index.js:219:13\n' +
    '    at optionsCallback (D:\\ZIP2\\attendance-system\\backend\\node_modules\\cors\\lib\\index.js:199:9)\n' +
    '    at corsMiddleware (D:\\ZIP2\\attendance-system\\backend\\node_modules\\cors\\lib\\index.js:204:7)\n' +
    '    at Layer.handleRequest (D:\\ZIP2\\attendance-system\\backend\\node_modules\\router\\lib\\layer.js:152:17)\n' +
    '    at trimPrefix (D:\\ZIP2\\attendance-system\\backend\\node_modules\\router\\index.js:342:13)\n' +
    '    at D:\\ZIP2\\attendance-system\\backend\\node_modules\\router\\index.js:297:9\n' +
    '    at processParams (D:\\ZIP2\\attendance-system\\backend\\node_modules\\router\\index.js:582:12)\n' +
    '    at next (D:\\ZIP2\\attendance-system\\backend\\node_modules\\router\\index.js:291:5)\n' +
    '    at compression (D:\\ZIP2\\attendance-system\\backend\\node_modules\\compression\\index.js:243:5)',
  url: '/api/auth/login',
  method: 'POST',
  body: undefined,
  params: {},
  query: [Object: null prototype] {},
  level: 'error',
  timestamp: '2025-09-25 11:45:19'
}
{
  service: 'attendance-system',
  message: 'Application Error Not allowed by CORS',
  stack: 'Error: Not allowed by CORS\n' +
    '    at origin (D:\\ZIP2\\attendance-system\\backend\\config\\security.js:24:16)\n' +
    '    at D:\\ZIP2\\attendance-system\\backend\\node_modules\\cors\\lib\\index.js:219:13\n' +
    '    at optionsCallback (D:\\ZIP2\\attendance-system\\backend\\node_modules\\cors\\lib\\index.js:199:9)\n' +
    '    at corsMiddleware (D:\\ZIP2\\attendance-system\\backend\\node_modules\\cors\\lib\\index.js:204:7)\n' +
    '    at Layer.handleRequest (D:\\ZIP2\\attendance-system\\backend\\node_modules\\router\\lib\\layer.js:152:17)\n' +
    '    at trimPrefix (D:\\ZIP2\\attendance-system\\backend\\node_modules\\router\\index.js:342:13)\n' +
    '    at D:\\ZIP2\\attendance-system\\backend\\node_modules\\router\\index.js:297:9\n' +
    '    at processParams (D:\\ZIP2\\attendance-system\\backend\\node_modules\\router\\index.js:582:12)\n' +
    '    at next (D:\\ZIP2\\attendance-system\\backend\\node_modules\\router\\index.js:291:5)\n' +
    '    at compression (D:\\ZIP2\\attendance-system\\backend\\node_modules\\compression\\index.js:243:5)',
  url: '/api/auth/login',
  method: 'POST',
  body: undefined,
  params: {},
  query: [Object: null prototype] {},
  level: 'error',
  timestamp: '2025-09-25 11:56:51'
}
{
  service: 'attendance-system',
  message: 'Application Error Not allowed by CORS',
  stack: 'Error: Not allowed by CORS\n' +
    '    at origin (D:\\ZIP2\\attendance-system\\backend\\config\\security.js:24:16)\n' +
    '    at D:\\ZIP2\\attendance-system\\backend\\node_modules\\cors\\lib\\index.js:219:13\n' +
    '    at optionsCallback (D:\\ZIP2\\attendance-system\\backend\\node_modules\\cors\\lib\\index.js:199:9)\n' +
    '    at corsMiddleware (D:\\ZIP2\\attendance-system\\backend\\node_modules\\cors\\lib\\index.js:204:7)\n' +
    '    at Layer.handleRequest (D:\\ZIP2\\attendance-system\\backend\\node_modules\\router\\lib\\layer.js:152:17)\n' +
    '    at trimPrefix (D:\\ZIP2\\attendance-system\\backend\\node_modules\\router\\index.js:342:13)\n' +
    '    at D:\\ZIP2\\attendance-system\\backend\\node_modules\\router\\index.js:297:9\n' +
    '    at processParams (D:\\ZIP2\\attendance-system\\backend\\node_modules\\router\\index.js:582:12)\n' +
    '    at next (D:\\ZIP2\\attendance-system\\backend\\node_modules\\router\\index.js:291:5)\n' +
    '    at compression (D:\\ZIP2\\attendance-system\\backend\\node_modules\\compression\\index.js:243:5)',
  url: '/api/auth/login',
  method: 'POST',
  body: undefined,
  params: {},
  query: [Object: null prototype] {},
  level: 'error',
  timestamp: '2025-09-25 12:08:15'
}
{
  service: 'attendance-system',
  message: 'Application Error Not allowed by CORS',
  stack: 'Error: Not allowed by CORS\n' +
    '    at origin (D:\\ZIP2\\attendance-system\\backend\\config\\security.js:24:16)\n' +
    '    at D:\\ZIP2\\attendance-system\\backend\\node_modules\\cors\\lib\\index.js:219:13\n' +
    '    at optionsCallback (D:\\ZIP2\\attendance-system\\backend\\node_modules\\cors\\lib\\index.js:199:9)\n' +
    '    at corsMiddleware (D:\\ZIP2\\attendance-system\\backend\\node_modules\\cors\\lib\\index.js:204:7)\n' +
    '    at Layer.handleRequest (D:\\ZIP2\\attendance-system\\backend\\node_modules\\router\\lib\\layer.js:152:17)\n' +
    '    at trimPrefix (D:\\ZIP2\\attendance-system\\backend\\node_modules\\router\\index.js:342:13)\n' +
    '    at D:\\ZIP2\\attendance-system\\backend\\node_modules\\router\\index.js:297:9\n' +
    '    at processParams (D:\\ZIP2\\attendance-system\\backend\\node_modules\\router\\index.js:582:12)\n' +
    '    at next (D:\\ZIP2\\attendance-system\\backend\\node_modules\\router\\index.js:291:5)\n' +
    '    at compression (D:\\ZIP2\\attendance-system\\backend\\node_modules\\compression\\index.js:243:5)',
  url: '/api/auth/login',
  method: 'POST',
  body: undefined,
  params: {},
  query: [Object: null prototype] {},
  level: 'error',
  timestamp: '2025-09-25 12:08:21'
}
{
  service: 'attendance-system',
  message: 'Application Error Not allowed by CORS',
  stack: 'Error: Not allowed by CORS\n' +
    '    at origin (D:\\ZIP2\\attendance-system\\backend\\config\\security.js:24:16)\n' +
    '    at D:\\ZIP2\\attendance-system\\backend\\node_modules\\cors\\lib\\index.js:219:13\n' +
    '    at optionsCallback (D:\\ZIP2\\attendance-system\\backend\\node_modules\\cors\\lib\\index.js:199:9)\n' +
    '    at corsMiddleware (D:\\ZIP2\\attendance-system\\backend\\node_modules\\cors\\lib\\index.js:204:7)\n' +
    '    at Layer.handleRequest (D:\\ZIP2\\attendance-system\\backend\\node_modules\\router\\lib\\layer.js:152:17)\n' +
    '    at trimPrefix (D:\\ZIP2\\attendance-system\\backend\\node_modules\\router\\index.js:342:13)\n' +
    '    at D:\\ZIP2\\attendance-system\\backend\\node_modules\\router\\index.js:297:9\n' +
    '    at processParams (D:\\ZIP2\\attendance-system\\backend\\node_modules\\router\\index.js:582:12)\n' +
    '    at next (D:\\ZIP2\\attendance-system\\backend\\node_modules\\router\\index.js:291:5)\n' +
    '    at compression (D:\\ZIP2\\attendance-system\\backend\\node_modules\\compression\\index.js:243:5)',
  url: '/api/auth/login',
  method: 'POST',
  body: undefined,
  params: {},
  query: [Object: null prototype] {},
  level: 'error',
  timestamp: '2025-09-25 12:08:34'
}
{
  service: 'attendance-system',
  message: 'Application Error Not allowed by CORS',
  stack: 'Error: Not allowed by CORS\n' +
    '    at origin (D:\\ZIP2\\attendance-system\\backend\\config\\security.js:24:16)\n' +
    '    at D:\\ZIP2\\attendance-system\\backend\\node_modules\\cors\\lib\\index.js:219:13\n' +
    '    at optionsCallback (D:\\ZIP2\\attendance-system\\backend\\node_modules\\cors\\lib\\index.js:199:9)\n' +
    '    at corsMiddleware (D:\\ZIP2\\attendance-system\\backend\\node_modules\\cors\\lib\\index.js:204:7)\n' +
    '    at Layer.handleRequest (D:\\ZIP2\\attendance-system\\backend\\node_modules\\router\\lib\\layer.js:152:17)\n' +
    '    at trimPrefix (D:\\ZIP2\\attendance-system\\backend\\node_modules\\router\\index.js:342:13)\n' +
    '    at D:\\ZIP2\\attendance-system\\backend\\node_modules\\router\\index.js:297:9\n' +
    '    at processParams (D:\\ZIP2\\attendance-system\\backend\\node_modules\\router\\index.js:582:12)\n' +
    '    at next (D:\\ZIP2\\attendance-system\\backend\\node_modules\\router\\index.js:291:5)\n' +
    '    at compression (D:\\ZIP2\\attendance-system\\backend\\node_modules\\compression\\index.js:243:5)',
  url: '/api/auth/login',
  method: 'POST',
  body: undefined,
  params: {},
  query: [Object: null prototype] {},
  level: 'error',
  timestamp: '2025-09-25 12:08:35'
}
{
  service: 'attendance-system',
  message: 'Application Error Not allowed by CORS',
  stack: 'Error: Not allowed by CORS\n' +
    '    at origin (D:\\ZIP2\\attendance-system\\backend\\config\\security.js:24:16)\n' +
    '    at D:\\ZIP2\\attendance-system\\backend\\node_modules\\cors\\lib\\index.js:219:13\n' +
    '    at optionsCallback (D:\\ZIP2\\attendance-system\\backend\\node_modules\\cors\\lib\\index.js:199:9)\n' +
    '    at corsMiddleware (D:\\ZIP2\\attendance-system\\backend\\node_modules\\cors\\lib\\index.js:204:7)\n' +
    '    at Layer.handleRequest (D:\\ZIP2\\attendance-system\\backend\\node_modules\\router\\lib\\layer.js:152:17)\n' +
    '    at trimPrefix (D:\\ZIP2\\attendance-system\\backend\\node_modules\\router\\index.js:342:13)\n' +
    '    at D:\\ZIP2\\attendance-system\\backend\\node_modules\\router\\index.js:297:9\n' +
    '    at processParams (D:\\ZIP2\\attendance-system\\backend\\node_modules\\router\\index.js:582:12)\n' +
    '    at next (D:\\ZIP2\\attendance-system\\backend\\node_modules\\router\\index.js:291:5)\n' +
    '    at compression (D:\\ZIP2\\attendance-system\\backend\\node_modules\\compression\\index.js:243:5)',
  url: '/api/auth/login',
  method: 'POST',
  body: undefined,
  params: {},
  query: [Object: null prototype] {},
  level: 'error',
  timestamp: '2025-09-25 12:09:04'
}
{
  service: 'attendance-system',
  message: 'Application Error Not allowed by CORS',
  stack: 'Error: Not allowed by CORS\n' +
    '    at origin (D:\\ZIP2\\attendance-system\\backend\\config\\security.js:24:16)\n' +
    '    at D:\\ZIP2\\attendance-system\\backend\\node_modules\\cors\\lib\\index.js:219:13\n' +
    '    at optionsCallback (D:\\ZIP2\\attendance-system\\backend\\node_modules\\cors\\lib\\index.js:199:9)\n' +
    '    at corsMiddleware (D:\\ZIP2\\attendance-system\\backend\\node_modules\\cors\\lib\\index.js:204:7)\n' +
    '    at Layer.handleRequest (D:\\ZIP2\\attendance-system\\backend\\node_modules\\router\\lib\\layer.js:152:17)\n' +
    '    at trimPrefix (D:\\ZIP2\\attendance-system\\backend\\node_modules\\router\\index.js:342:13)\n' +
    '    at D:\\ZIP2\\attendance-system\\backend\\node_modules\\router\\index.js:297:9\n' +
    '    at processParams (D:\\ZIP2\\attendance-system\\backend\\node_modules\\router\\index.js:582:12)\n' +
    '    at next (D:\\ZIP2\\attendance-system\\backend\\node_modules\\router\\index.js:291:5)\n' +
    '    at compression (D:\\ZIP2\\attendance-system\\backend\\node_modules\\compression\\index.js:243:5)',
  url: '/api/auth/login',
  method: 'POST',
  body: undefined,
  params: {},
  query: [Object: null prototype] {},
  level: 'error',
  timestamp: '2025-09-25 12:09:42'
}
{
  service: 'attendance-system',
  message: 'Application Error Not allowed by CORS',
  stack: 'Error: Not allowed by CORS\n' +
    '    at origin (D:\\ZIP2\\attendance-system\\backend\\config\\security.js:24:16)\n' +
    '    at D:\\ZIP2\\attendance-system\\backend\\node_modules\\cors\\lib\\index.js:219:13\n' +
    '    at optionsCallback (D:\\ZIP2\\attendance-system\\backend\\node_modules\\cors\\lib\\index.js:199:9)\n' +
    '    at corsMiddleware (D:\\ZIP2\\attendance-system\\backend\\node_modules\\cors\\lib\\index.js:204:7)\n' +
    '    at Layer.handleRequest (D:\\ZIP2\\attendance-system\\backend\\node_modules\\router\\lib\\layer.js:152:17)\n' +
    '    at trimPrefix (D:\\ZIP2\\attendance-system\\backend\\node_modules\\router\\index.js:342:13)\n' +
    '    at D:\\ZIP2\\attendance-system\\backend\\node_modules\\router\\index.js:297:9\n' +
    '    at processParams (D:\\ZIP2\\attendance-system\\backend\\node_modules\\router\\index.js:582:12)\n' +
    '    at next (D:\\ZIP2\\attendance-system\\backend\\node_modules\\router\\index.js:291:5)\n' +
    '    at compression (D:\\ZIP2\\attendance-system\\backend\\node_modules\\compression\\index.js:243:5)',
  url: '/api/auth/login',
  method: 'POST',
  body: undefined,
  params: {},
  query: [Object: null prototype] {},
  level: 'error',
  timestamp: '2025-09-25 12:09:44'
}
{
  service: 'attendance-system',
  message: 'Application Error Not allowed by CORS',
  stack: 'Error: Not allowed by CORS\n' +
    '    at origin (D:\\ZIP2\\attendance-system\\backend\\config\\security.js:24:16)\n' +
    '    at D:\\ZIP2\\attendance-system\\backend\\node_modules\\cors\\lib\\index.js:219:13\n' +
    '    at optionsCallback (D:\\ZIP2\\attendance-system\\backend\\node_modules\\cors\\lib\\index.js:199:9)\n' +
    '    at corsMiddleware (D:\\ZIP2\\attendance-system\\backend\\node_modules\\cors\\lib\\index.js:204:7)\n' +
    '    at Layer.handleRequest (D:\\ZIP2\\attendance-system\\backend\\node_modules\\router\\lib\\layer.js:152:17)\n' +
    '    at trimPrefix (D:\\ZIP2\\attendance-system\\backend\\node_modules\\router\\index.js:342:13)\n' +
    '    at D:\\ZIP2\\attendance-system\\backend\\node_modules\\router\\index.js:297:9\n' +
    '    at processParams (D:\\ZIP2\\attendance-system\\backend\\node_modules\\router\\index.js:582:12)\n' +
    '    at next (D:\\ZIP2\\attendance-system\\backend\\node_modules\\router\\index.js:291:5)\n' +
    '    at compression (D:\\ZIP2\\attendance-system\\backend\\node_modules\\compression\\index.js:243:5)',
  url: '/api/auth/login',
  method: 'POST',
  body: undefined,
  params: {},
  query: [Object: null prototype] {},
  level: 'error',
  timestamp: '2025-09-25 12:09:44'
}
{
  service: 'attendance-system',
  message: 'Application Error Not allowed by CORS',
  stack: 'Error: Not allowed by CORS\n' +
    '    at origin (D:\\ZIP2\\attendance-system\\backend\\config\\security.js:24:16)\n' +
    '    at D:\\ZIP2\\attendance-system\\backend\\node_modules\\cors\\lib\\index.js:219:13\n' +
    '    at optionsCallback (D:\\ZIP2\\attendance-system\\backend\\node_modules\\cors\\lib\\index.js:199:9)\n' +
    '    at corsMiddleware (D:\\ZIP2\\attendance-system\\backend\\node_modules\\cors\\lib\\index.js:204:7)\n' +
    '    at Layer.handleRequest (D:\\ZIP2\\attendance-system\\backend\\node_modules\\router\\lib\\layer.js:152:17)\n' +
    '    at trimPrefix (D:\\ZIP2\\attendance-system\\backend\\node_modules\\router\\index.js:342:13)\n' +
    '    at D:\\ZIP2\\attendance-system\\backend\\node_modules\\router\\index.js:297:9\n' +
    '    at processParams (D:\\ZIP2\\attendance-system\\backend\\node_modules\\router\\index.js:582:12)\n' +
    '    at next (D:\\ZIP2\\attendance-system\\backend\\node_modules\\router\\index.js:291:5)\n' +
    '    at compression (D:\\ZIP2\\attendance-system\\backend\\node_modules\\compression\\index.js:243:5)',
  url: '/api/auth/login',
  method: 'POST',
  body: undefined,
  params: {},
  query: [Object: null prototype] {},
  level: 'error',
  timestamp: '2025-10-10 14:26:18'
}
{
  service: 'attendance-system',
  message: 'Application Error Not allowed by CORS',
  stack: 'Error: Not allowed by CORS\n' +
    '    at origin (D:\\ZIP2\\attendance-system\\backend\\config\\security.js:24:16)\n' +
    '    at D:\\ZIP2\\attendance-system\\backend\\node_modules\\cors\\lib\\index.js:219:13\n' +
    '    at optionsCallback (D:\\ZIP2\\attendance-system\\backend\\node_modules\\cors\\lib\\index.js:199:9)\n' +
    '    at corsMiddleware (D:\\ZIP2\\attendance-system\\backend\\node_modules\\cors\\lib\\index.js:204:7)\n' +
    '    at Layer.handleRequest (D:\\ZIP2\\attendance-system\\backend\\node_modules\\router\\lib\\layer.js:152:17)\n' +
    '    at trimPrefix (D:\\ZIP2\\attendance-system\\backend\\node_modules\\router\\index.js:342:13)\n' +
    '    at D:\\ZIP2\\attendance-system\\backend\\node_modules\\router\\index.js:297:9\n' +
    '    at processParams (D:\\ZIP2\\attendance-system\\backend\\node_modules\\router\\index.js:582:12)\n' +
    '    at next (D:\\ZIP2\\attendance-system\\backend\\node_modules\\router\\index.js:291:5)\n' +
    '    at compression (D:\\ZIP2\\attendance-system\\backend\\node_modules\\compression\\index.js:243:5)',
  url: '/api/auth/login',
  method: 'POST',
  body: undefined,
  params: {},
  query: [Object: null prototype] {},
  level: 'error',
  timestamp: '2025-10-10 14:27:13'
}
{
  service: 'attendance-system',
  message: 'Application Error Not allowed by CORS',
  stack: 'Error: Not allowed by CORS\n' +
    '    at origin (D:\\ZIP2\\attendance-system\\backend\\config\\security.js:24:16)\n' +
    '    at D:\\ZIP2\\attendance-system\\backend\\node_modules\\cors\\lib\\index.js:219:13\n' +
    '    at optionsCallback (D:\\ZIP2\\attendance-system\\backend\\node_modules\\cors\\lib\\index.js:199:9)\n' +
    '    at corsMiddleware (D:\\ZIP2\\attendance-system\\backend\\node_modules\\cors\\lib\\index.js:204:7)\n' +
    '    at Layer.handleRequest (D:\\ZIP2\\attendance-system\\backend\\node_modules\\router\\lib\\layer.js:152:17)\n' +
    '    at trimPrefix (D:\\ZIP2\\attendance-system\\backend\\node_modules\\router\\index.js:342:13)\n' +
    '    at D:\\ZIP2\\attendance-system\\backend\\node_modules\\router\\index.js:297:9\n' +
    '    at processParams (D:\\ZIP2\\attendance-system\\backend\\node_modules\\router\\index.js:582:12)\n' +
    '    at next (D:\\ZIP2\\attendance-system\\backend\\node_modules\\router\\index.js:291:5)\n' +
    '    at compression (D:\\ZIP2\\attendance-system\\backend\\node_modules\\compression\\index.js:243:5)',
  url: '/api/auth/logout',
  method: 'GET',
  body: undefined,
  params: {},
  query: [Object: null prototype] {},
  level: 'error',
  timestamp: '2025-10-13 16:16:09'
}
{
  service: 'attendance-system',
  message: 'Application Error Not allowed by CORS',
  stack: 'Error: Not allowed by CORS\n' +
    '    at origin (D:\\ZIP2\\attendance-system\\backend\\config\\security.js:24:16)\n' +
    '    at D:\\ZIP2\\attendance-system\\backend\\node_modules\\cors\\lib\\index.js:219:13\n' +
    '    at optionsCallback (D:\\ZIP2\\attendance-system\\backend\\node_modules\\cors\\lib\\index.js:199:9)\n' +
    '    at corsMiddleware (D:\\ZIP2\\attendance-system\\backend\\node_modules\\cors\\lib\\index.js:204:7)\n' +
    '    at Layer.handleRequest (D:\\ZIP2\\attendance-system\\backend\\node_modules\\router\\lib\\layer.js:152:17)\n' +
    '    at trimPrefix (D:\\ZIP2\\attendance-system\\backend\\node_modules\\router\\index.js:342:13)\n' +
    '    at D:\\ZIP2\\attendance-system\\backend\\node_modules\\router\\index.js:297:9\n' +
    '    at processParams (D:\\ZIP2\\attendance-system\\backend\\node_modules\\router\\index.js:582:12)\n' +
    '    at next (D:\\ZIP2\\attendance-system\\backend\\node_modules\\router\\index.js:291:5)\n' +
    '    at compression (D:\\ZIP2\\attendance-system\\backend\\node_modules\\compression\\index.js:243:5)',
  url: '/api/auto-login/launch/68ff199dccced5c296889b6c',
  method: 'OPTIONS',
  body: undefined,
  params: {},
  query: [Object: null prototype] {},
  level: 'error',
  timestamp: '2025-10-27 13:26:44'
}
{
  service: 'attendance-system',
  message: "Application Error Expected property name or '}' in JSON at position 1 (line 1 column 2)",
  stack: "SyntaxError: Expected property name or '}' in JSON at position 1 (line 1 column 2)\n" +
    '    at JSON.parse (<anonymous>)\n' +
    '    at parse (D:\\ZIP2\\attendance-system\\backend\\node_modules\\body-parser\\lib\\types\\json.js:77:19)\n' +
    '    at D:\\ZIP2\\attendance-system\\backend\\node_modules\\body-parser\\lib\\read.js:123:18\n' +
    '    at AsyncResource.runInAsyncScope (node:async_hooks:214:14)\n' +
    '    at invokeCallback (D:\\ZIP2\\attendance-system\\backend\\node_modules\\raw-body\\index.js:238:16)\n' +
    '    at done (D:\\ZIP2\\attendance-system\\backend\\node_modules\\raw-body\\index.js:227:7)\n' +
    '    at IncomingMessage.onEnd (D:\\ZIP2\\attendance-system\\backend\\node_modules\\raw-body\\index.js:287:7)\n' +
    '    at IncomingMessage.emit (node:events:518:28)\n' +
    '    at endReadableNT (node:internal/streams/readable:1698:12)\n' +
    '    at process.processTicksAndRejections (node:internal/process/task_queues:90:21)',
  url: '/',
  method: 'POST',
  body: undefined,
  params: {},
  query: [Object: null prototype] {},
  level: 'error',
  timestamp: '2025-10-27 16:10:15'
}
{
  service: 'attendance-system',
  message: 'Application Error Not allowed by CORS',
  stack: 'Error: Not allowed by CORS\n' +
    '    at origin (D:\\ZIP2\\attendance-system\\backend\\config\\security.js:43:16)\n' +
    '    at D:\\ZIP2\\attendance-system\\backend\\node_modules\\cors\\lib\\index.js:219:13\n' +
    '    at optionsCallback (D:\\ZIP2\\attendance-system\\backend\\node_modules\\cors\\lib\\index.js:199:9)\n' +
    '    at corsMiddleware (D:\\ZIP2\\attendance-system\\backend\\node_modules\\cors\\lib\\index.js:204:7)\n' +
    '    at Layer.handleRequest (D:\\ZIP2\\attendance-system\\backend\\node_modules\\router\\lib\\layer.js:152:17)\n' +
    '    at trimPrefix (D:\\ZIP2\\attendance-system\\backend\\node_modules\\router\\index.js:342:13)\n' +
    '    at D:\\ZIP2\\attendance-system\\backend\\node_modules\\router\\index.js:297:9\n' +
    '    at processParams (D:\\ZIP2\\attendance-system\\backend\\node_modules\\router\\index.js:582:12)\n' +
    '    at next (D:\\ZIP2\\attendance-system\\backend\\node_modules\\router\\index.js:291:5)\n' +
    '    at compression (D:\\ZIP2\\attendance-system\\backend\\node_modules\\compression\\index.js:243:5)',
  url: '/api/auth/login',
  method: 'POST',
  body: undefined,
  params: {},
  query: [Object: null prototype] {},
  level: 'error',
  timestamp: '2025-11-10 18:19:31'
}
{
  service: 'attendance-system',
  message: 'Application Error Not allowed by CORS',
  stack: 'Error: Not allowed by CORS\n' +
    '    at origin (D:\\ZIP2\\attendance-system\\backend\\config\\security.js:43:16)\n' +
    '    at D:\\ZIP2\\attendance-system\\backend\\node_modules\\cors\\lib\\index.js:219:13\n' +
    '    at optionsCallback (D:\\ZIP2\\attendance-system\\backend\\node_modules\\cors\\lib\\index.js:199:9)\n' +
    '    at corsMiddleware (D:\\ZIP2\\attendance-system\\backend\\node_modules\\cors\\lib\\index.js:204:7)\n' +
    '    at Layer.handleRequest (D:\\ZIP2\\attendance-system\\backend\\node_modules\\router\\lib\\layer.js:152:17)\n' +
    '    at trimPrefix (D:\\ZIP2\\attendance-system\\backend\\node_modules\\router\\index.js:342:13)\n' +
    '    at D:\\ZIP2\\attendance-system\\backend\\node_modules\\router\\index.js:297:9\n' +
    '    at processParams (D:\\ZIP2\\attendance-system\\backend\\node_modules\\router\\index.js:582:12)\n' +
    '    at next (D:\\ZIP2\\attendance-system\\backend\\node_modules\\router\\index.js:291:5)\n' +
    '    at compression (D:\\ZIP2\\attendance-system\\backend\\node_modules\\compression\\index.js:243:5)',
  url: '/api/auth/login',
  method: 'POST',
  body: undefined,
  params: {},
  query: [Object: null prototype] {},
  level: 'error',
  timestamp: '2025-11-10 18:19:47'
}
{
  service: 'attendance-system',
  message: 'Application Error Not allowed by CORS',
  stack: 'Error: Not allowed by CORS\n' +
    '    at origin (D:\\ZIP2\\attendance-system\\backend\\config\\security.js:43:16)\n' +
    '    at D:\\ZIP2\\attendance-system\\backend\\node_modules\\cors\\lib\\index.js:219:13\n' +
    '    at optionsCallback (D:\\ZIP2\\attendance-system\\backend\\node_modules\\cors\\lib\\index.js:199:9)\n' +
    '    at corsMiddleware (D:\\ZIP2\\attendance-system\\backend\\node_modules\\cors\\lib\\index.js:204:7)\n' +
    '    at Layer.handleRequest (D:\\ZIP2\\attendance-system\\backend\\node_modules\\router\\lib\\layer.js:152:17)\n' +
    '    at trimPrefix (D:\\ZIP2\\attendance-system\\backend\\node_modules\\router\\index.js:342:13)\n' +
    '    at D:\\ZIP2\\attendance-system\\backend\\node_modules\\router\\index.js:297:9\n' +
    '    at processParams (D:\\ZIP2\\attendance-system\\backend\\node_modules\\router\\index.js:582:12)\n' +
    '    at next (D:\\ZIP2\\attendance-system\\backend\\node_modules\\router\\index.js:291:5)\n' +
    '    at compression (D:\\ZIP2\\attendance-system\\backend\\node_modules\\compression\\index.js:243:5)',
  url: '/api/auth/login',
  method: 'POST',
  body: undefined,
  params: {},
  query: [Object: null prototype] {},
  level: 'error',
  timestamp: '2025-11-10 18:19:51'
}
{
  service: 'attendance-system',
  message: 'Application Error Error: Images Only!',
  stack: 'Error: Error: Images Only!\n' +
    '    at checkFileType (D:\\ZIP2\\attendance-system\\backend\\middleware\\upload.js:36:12)\n' +
    '    at fileFilter (D:\\ZIP2\\attendance-system\\backend\\middleware\\upload.js:45:9)\n' +
    '    at wrappedFileFilter (D:\\ZIP2\\attendance-system\\backend\\node_modules\\multer\\index.js:44:7)\n' +
    '    at Multipart.<anonymous> (D:\\ZIP2\\attendance-system\\backend\\node_modules\\multer\\lib\\make-middleware.js:109:7)\n' +
    '    at Multipart.emit (node:events:518:28)\n' +
    '    at HeaderParser.cb (D:\\ZIP2\\attendance-system\\backend\\node_modules\\busboy\\lib\\types\\multipart.js:358:14)\n' +
    '    at HeaderParser.push (D:\\ZIP2\\attendance-system\\backend\\node_modules\\busboy\\lib\\types\\multipart.js:162:20)\n' +
    '    at SBMH.ssCb [as _cb] (D:\\ZIP2\\attendance-system\\backend\\node_modules\\busboy\\lib\\types\\multipart.js:394:37)\n' +
    '    at feed (D:\\ZIP2\\attendance-system\\backend\\node_modules\\streamsearch\\lib\\sbmh.js:219:14)\n' +
    '    at SBMH.push (D:\\ZIP2\\attendance-system\\backend\\node_modules\\streamsearch\\lib\\sbmh.js:104:16)',
  url: '/api/users/upload-avatar',
  method: 'POST',
  body: [Object: null prototype] {},
  params: {},
  query: [Object: null prototype] {},
  ip: '::1',
  userAgent: 'Mozilla/5.0 (Windows NT 10.0; Win64; x64) AppleWebKit/537.36 (KHTML, like Gecko) Chrome/143.0.0.0 Safari/537.36 Edg/143.0.0.0',
  level: 'error',
  timestamp: '2025-12-16 16:28:03'
}
{
  service: 'attendance-system',
  message: 'Application Error Error: Images Only!',
  stack: 'Error: Error: Images Only!\n' +
    '    at checkFileType (D:\\ZIP2\\attendance-system\\backend\\middleware\\upload.js:36:12)\n' +
    '    at fileFilter (D:\\ZIP2\\attendance-system\\backend\\middleware\\upload.js:45:9)\n' +
    '    at wrappedFileFilter (D:\\ZIP2\\attendance-system\\backend\\node_modules\\multer\\index.js:44:7)\n' +
    '    at Multipart.<anonymous> (D:\\ZIP2\\attendance-system\\backend\\node_modules\\multer\\lib\\make-middleware.js:109:7)\n' +
    '    at Multipart.emit (node:events:518:28)\n' +
    '    at HeaderParser.cb (D:\\ZIP2\\attendance-system\\backend\\node_modules\\busboy\\lib\\types\\multipart.js:358:14)\n' +
    '    at HeaderParser.push (D:\\ZIP2\\attendance-system\\backend\\node_modules\\busboy\\lib\\types\\multipart.js:162:20)\n' +
    '    at SBMH.ssCb [as _cb] (D:\\ZIP2\\attendance-system\\backend\\node_modules\\busboy\\lib\\types\\multipart.js:394:37)\n' +
    '    at feed (D:\\ZIP2\\attendance-system\\backend\\node_modules\\streamsearch\\lib\\sbmh.js:219:14)\n' +
    '    at SBMH.push (D:\\ZIP2\\attendance-system\\backend\\node_modules\\streamsearch\\lib\\sbmh.js:104:16)',
  url: '/api/users/upload-avatar',
  method: 'POST',
  body: [Object: null prototype] {},
  params: {},
  query: [Object: null prototype] {},
  ip: '::1',
  userAgent: 'Mozilla/5.0 (Windows NT 10.0; Win64; x64) AppleWebKit/537.36 (KHTML, like Gecko) Chrome/143.0.0.0 Safari/537.36 Edg/143.0.0.0',
  level: 'error',
  timestamp: '2025-12-16 16:28:04'
}
{
  service: 'attendance-system',
  message: 'Application Error Error: Images Only!',
  stack: 'Error: Error: Images Only!\n' +
    '    at checkFileType (D:\\ZIP2\\attendance-system\\backend\\middleware\\upload.js:36:12)\n' +
    '    at fileFilter (D:\\ZIP2\\attendance-system\\backend\\middleware\\upload.js:45:9)\n' +
    '    at wrappedFileFilter (D:\\ZIP2\\attendance-system\\backend\\node_modules\\multer\\index.js:44:7)\n' +
    '    at Multipart.<anonymous> (D:\\ZIP2\\attendance-system\\backend\\node_modules\\multer\\lib\\make-middleware.js:109:7)\n' +
    '    at Multipart.emit (node:events:518:28)\n' +
    '    at HeaderParser.cb (D:\\ZIP2\\attendance-system\\backend\\node_modules\\busboy\\lib\\types\\multipart.js:358:14)\n' +
    '    at HeaderParser.push (D:\\ZIP2\\attendance-system\\backend\\node_modules\\busboy\\lib\\types\\multipart.js:162:20)\n' +
    '    at SBMH.ssCb [as _cb] (D:\\ZIP2\\attendance-system\\backend\\node_modules\\busboy\\lib\\types\\multipart.js:394:37)\n' +
    '    at feed (D:\\ZIP2\\attendance-system\\backend\\node_modules\\streamsearch\\lib\\sbmh.js:219:14)\n' +
    '    at SBMH.push (D:\\ZIP2\\attendance-system\\backend\\node_modules\\streamsearch\\lib\\sbmh.js:104:16)',
  url: '/api/users/upload-avatar',
  method: 'POST',
  body: [Object: null prototype] {},
  params: {},
  query: [Object: null prototype] {},
  ip: '::1',
  userAgent: 'Mozilla/5.0 (Windows NT 10.0; Win64; x64) AppleWebKit/537.36 (KHTML, like Gecko) Chrome/143.0.0.0 Safari/537.36 Edg/143.0.0.0',
  level: 'error',
  timestamp: '2025-12-16 16:28:05'
}
{
  service: 'attendance-system',
  message: 'Application Error Error: Images Only!',
  stack: 'Error: Error: Images Only!\n' +
    '    at checkFileType (D:\\ZIP2\\attendance-system\\backend\\middleware\\upload.js:36:12)\n' +
    '    at fileFilter (D:\\ZIP2\\attendance-system\\backend\\middleware\\upload.js:45:9)\n' +
    '    at wrappedFileFilter (D:\\ZIP2\\attendance-system\\backend\\node_modules\\multer\\index.js:44:7)\n' +
    '    at Multipart.<anonymous> (D:\\ZIP2\\attendance-system\\backend\\node_modules\\multer\\lib\\make-middleware.js:109:7)\n' +
    '    at Multipart.emit (node:events:518:28)\n' +
    '    at HeaderParser.cb (D:\\ZIP2\\attendance-system\\backend\\node_modules\\busboy\\lib\\types\\multipart.js:358:14)\n' +
    '    at HeaderParser.push (D:\\ZIP2\\attendance-system\\backend\\node_modules\\busboy\\lib\\types\\multipart.js:162:20)\n' +
    '    at SBMH.ssCb [as _cb] (D:\\ZIP2\\attendance-system\\backend\\node_modules\\busboy\\lib\\types\\multipart.js:394:37)\n' +
    '    at feed (D:\\ZIP2\\attendance-system\\backend\\node_modules\\streamsearch\\lib\\sbmh.js:219:14)\n' +
    '    at SBMH.push (D:\\ZIP2\\attendance-system\\backend\\node_modules\\streamsearch\\lib\\sbmh.js:104:16)',
  url: '/api/users/upload-avatar',
  method: 'POST',
  body: [Object: null prototype] {},
  params: {},
  query: [Object: null prototype] {},
  ip: '::1',
  userAgent: 'Mozilla/5.0 (Windows NT 10.0; Win64; x64) AppleWebKit/537.36 (KHTML, like Gecko) Chrome/143.0.0.0 Safari/537.36 Edg/143.0.0.0',
  level: 'error',
  timestamp: '2025-12-16 16:28:20'
}
{
  service: 'attendance-system',
  message: "Application Error Cannot destructure property 'breakId' of 'req.body' as it is undefined.",
  stack: "TypeError: Cannot destructure property 'breakId' of 'req.body' as it is undefined.\n" +
    '    at D:\\Zip 4\\attendance-system\\backend\\routes\\breaks.js:122:13\n' +
    '    at Layer.handleRequest (D:\\Zip 4\\attendance-system\\backend\\node_modules\\router\\lib\\layer.js:152:17)\n' +
    '    at next (D:\\Zip 4\\attendance-system\\backend\\node_modules\\router\\lib\\route.js:157:13)\n' +
    '    at D:\\Zip 4\\attendance-system\\backend\\middleware\\authenticateToken.js:111:13\n' +
    '    at authenticateToken (D:\\Zip 4\\attendance-system\\backend\\middleware\\authenticateToken.js:137:7)\n' +
    '    at Layer.handleRequest (D:\\Zip 4\\attendance-system\\backend\\node_modules\\router\\lib\\layer.js:152:17)\n' +
    '    at next (D:\\Zip 4\\attendance-system\\backend\\node_modules\\router\\lib\\route.js:157:13)\n' +
    '    at Route.dispatch (D:\\Zip 4\\attendance-system\\backend\\node_modules\\router\\lib\\route.js:117:3)\n' +
    '    at handle (D:\\Zip 4\\attendance-system\\backend\\node_modules\\router\\index.js:435:11)\n' +
    '    at Layer.handleRequest (D:\\Zip 4\\attendance-system\\backend\\node_modules\\router\\lib\\layer.js:152:17)',
  url: '/api/breaks/end',
  method: 'POST',
  body: undefined,
  params: {},
  query: [Object: null prototype] {},
  ip: '127.0.0.1',
  userAgent: 'Mozilla/5.0 (Windows NT 10.0; Win64; x64) AppleWebKit/537.36 (KHTML, like Gecko) Chrome/143.0.0.0 Safari/537.36',
  level: 'error',
  timestamp: '2026-01-12 17:24:31'
}
{
  service: 'attendance-system',
  message: "Application Error Cannot destructure property 'breakId' of 'req.body' as it is undefined.",
  stack: "TypeError: Cannot destructure property 'breakId' of 'req.body' as it is undefined.\n" +
    '    at D:\\Zip 4\\attendance-system\\backend\\routes\\breaks.js:122:13\n' +
    '    at Layer.handleRequest (D:\\Zip 4\\attendance-system\\backend\\node_modules\\router\\lib\\layer.js:152:17)\n' +
    '    at next (D:\\Zip 4\\attendance-system\\backend\\node_modules\\router\\lib\\route.js:157:13)\n' +
    '    at D:\\Zip 4\\attendance-system\\backend\\middleware\\authenticateToken.js:111:13\n' +
    '    at authenticateToken (D:\\Zip 4\\attendance-system\\backend\\middleware\\authenticateToken.js:137:7)\n' +
    '    at Layer.handleRequest (D:\\Zip 4\\attendance-system\\backend\\node_modules\\router\\lib\\layer.js:152:17)\n' +
    '    at next (D:\\Zip 4\\attendance-system\\backend\\node_modules\\router\\lib\\route.js:157:13)\n' +
    '    at Route.dispatch (D:\\Zip 4\\attendance-system\\backend\\node_modules\\router\\lib\\route.js:117:3)\n' +
    '    at handle (D:\\Zip 4\\attendance-system\\backend\\node_modules\\router\\index.js:435:11)\n' +
    '    at Layer.handleRequest (D:\\Zip 4\\attendance-system\\backend\\node_modules\\router\\lib\\layer.js:152:17)',
  url: '/api/breaks/end',
  method: 'POST',
  body: undefined,
  params: {},
  query: [Object: null prototype] {},
  ip: '127.0.0.1',
  userAgent: 'Mozilla/5.0 (Windows NT 10.0; Win64; x64) AppleWebKit/537.36 (KHTML, like Gecko) Chrome/143.0.0.0 Safari/537.36',
  level: 'error',
  timestamp: '2026-01-12 17:24:43'
}
{
  service: 'attendance-system',
  message: "Application Error Cannot destructure property 'breakId' of 'req.body' as it is undefined.",
  stack: "TypeError: Cannot destructure property 'breakId' of 'req.body' as it is undefined.\n" +
    '    at D:\\Zip 4\\attendance-system\\backend\\routes\\breaks.js:122:13\n' +
    '    at Layer.handleRequest (D:\\Zip 4\\attendance-system\\backend\\node_modules\\router\\lib\\layer.js:152:17)\n' +
    '    at next (D:\\Zip 4\\attendance-system\\backend\\node_modules\\router\\lib\\route.js:157:13)\n' +
    '    at D:\\Zip 4\\attendance-system\\backend\\middleware\\authenticateToken.js:111:13\n' +
    '    at authenticateToken (D:\\Zip 4\\attendance-system\\backend\\middleware\\authenticateToken.js:137:7)\n' +
    '    at Layer.handleRequest (D:\\Zip 4\\attendance-system\\backend\\node_modules\\router\\lib\\layer.js:152:17)\n' +
    '    at next (D:\\Zip 4\\attendance-system\\backend\\node_modules\\router\\lib\\route.js:157:13)\n' +
    '    at Route.dispatch (D:\\Zip 4\\attendance-system\\backend\\node_modules\\router\\lib\\route.js:117:3)\n' +
    '    at handle (D:\\Zip 4\\attendance-system\\backend\\node_modules\\router\\index.js:435:11)\n' +
    '    at Layer.handleRequest (D:\\Zip 4\\attendance-system\\backend\\node_modules\\router\\lib\\layer.js:152:17)',
  url: '/api/breaks/end',
  method: 'POST',
  body: undefined,
  params: {},
  query: [Object: null prototype] {},
  ip: '127.0.0.1',
  userAgent: 'Mozilla/5.0 (Windows NT 10.0; Win64; x64) AppleWebKit/537.36 (KHTML, like Gecko) Chrome/143.0.0.0 Safari/537.36',
  level: 'error',
  timestamp: '2026-01-12 17:58:42'
}
{
  service: 'attendance-system',
  message: "Application Error Cannot destructure property 'breakId' of 'req.body' as it is undefined.",
  stack: "TypeError: Cannot destructure property 'breakId' of 'req.body' as it is undefined.\n" +
    '    at D:\\Zip 4\\attendance-system\\backend\\routes\\breaks.js:122:13\n' +
    '    at Layer.handleRequest (D:\\Zip 4\\attendance-system\\backend\\node_modules\\router\\lib\\layer.js:152:17)\n' +
    '    at next (D:\\Zip 4\\attendance-system\\backend\\node_modules\\router\\lib\\route.js:157:13)\n' +
    '    at D:\\Zip 4\\attendance-system\\backend\\middleware\\authenticateToken.js:111:13\n' +
    '    at authenticateToken (D:\\Zip 4\\attendance-system\\backend\\middleware\\authenticateToken.js:137:7)\n' +
    '    at Layer.handleRequest (D:\\Zip 4\\attendance-system\\backend\\node_modules\\router\\lib\\layer.js:152:17)\n' +
    '    at next (D:\\Zip 4\\attendance-system\\backend\\node_modules\\router\\lib\\route.js:157:13)\n' +
    '    at Route.dispatch (D:\\Zip 4\\attendance-system\\backend\\node_modules\\router\\lib\\route.js:117:3)\n' +
    '    at handle (D:\\Zip 4\\attendance-system\\backend\\node_modules\\router\\index.js:435:11)\n' +
    '    at Layer.handleRequest (D:\\Zip 4\\attendance-system\\backend\\node_modules\\router\\lib\\layer.js:152:17)',
  url: '/api/breaks/end',
  method: 'POST',
  body: undefined,
  params: {},
  query: [Object: null prototype] {},
  ip: '127.0.0.1',
  userAgent: 'Mozilla/5.0 (Windows NT 10.0; Win64; x64) AppleWebKit/537.36 (KHTML, like Gecko) Chrome/143.0.0.0 Safari/537.36',
  level: 'error',
  timestamp: '2026-01-12 17:58:50'
}
{
  service: 'attendance-system',
  message: "Application Error Cannot destructure property 'breakId' of 'req.body' as it is undefined.",
  stack: "TypeError: Cannot destructure property 'breakId' of 'req.body' as it is undefined.\n" +
    '    at D:\\Zip 4\\attendance-system\\backend\\routes\\breaks.js:122:13\n' +
    '    at Layer.handleRequest (D:\\Zip 4\\attendance-system\\backend\\node_modules\\router\\lib\\layer.js:152:17)\n' +
    '    at next (D:\\Zip 4\\attendance-system\\backend\\node_modules\\router\\lib\\route.js:157:13)\n' +
    '    at D:\\Zip 4\\attendance-system\\backend\\middleware\\authenticateToken.js:111:13\n' +
    '    at authenticateToken (D:\\Zip 4\\attendance-system\\backend\\middleware\\authenticateToken.js:137:7)\n' +
    '    at Layer.handleRequest (D:\\Zip 4\\attendance-system\\backend\\node_modules\\router\\lib\\layer.js:152:17)\n' +
    '    at next (D:\\Zip 4\\attendance-system\\backend\\node_modules\\router\\lib\\route.js:157:13)\n' +
    '    at Route.dispatch (D:\\Zip 4\\attendance-system\\backend\\node_modules\\router\\lib\\route.js:117:3)\n' +
    '    at handle (D:\\Zip 4\\attendance-system\\backend\\node_modules\\router\\index.js:435:11)\n' +
    '    at Layer.handleRequest (D:\\Zip 4\\attendance-system\\backend\\node_modules\\router\\lib\\layer.js:152:17)',
  url: '/api/breaks/end',
  method: 'POST',
  body: undefined,
  params: {},
  query: [Object: null prototype] {},
  ip: '127.0.0.1',
  userAgent: 'Mozilla/5.0 (Windows NT 10.0; Win64; x64) AppleWebKit/537.36 (KHTML, like Gecko) Chrome/143.0.0.0 Safari/537.36',
  level: 'error',
  timestamp: '2026-01-12 18:09:03'
}
{
  service: 'attendance-system',
  message: "Application Error Cannot destructure property 'breakId' of 'req.body' as it is undefined.",
  stack: "TypeError: Cannot destructure property 'breakId' of 'req.body' as it is undefined.\n" +
    '    at D:\\Zip 4\\attendance-system\\backend\\routes\\breaks.js:122:13\n' +
    '    at Layer.handleRequest (D:\\Zip 4\\attendance-system\\backend\\node_modules\\router\\lib\\layer.js:152:17)\n' +
    '    at next (D:\\Zip 4\\attendance-system\\backend\\node_modules\\router\\lib\\route.js:157:13)\n' +
    '    at D:\\Zip 4\\attendance-system\\backend\\middleware\\authenticateToken.js:111:13\n' +
    '    at authenticateToken (D:\\Zip 4\\attendance-system\\backend\\middleware\\authenticateToken.js:137:7)\n' +
    '    at Layer.handleRequest (D:\\Zip 4\\attendance-system\\backend\\node_modules\\router\\lib\\layer.js:152:17)\n' +
    '    at next (D:\\Zip 4\\attendance-system\\backend\\node_modules\\router\\lib\\route.js:157:13)\n' +
    '    at Route.dispatch (D:\\Zip 4\\attendance-system\\backend\\node_modules\\router\\lib\\route.js:117:3)\n' +
    '    at handle (D:\\Zip 4\\attendance-system\\backend\\node_modules\\router\\index.js:435:11)\n' +
    '    at Layer.handleRequest (D:\\Zip 4\\attendance-system\\backend\\node_modules\\router\\lib\\layer.js:152:17)',
  url: '/api/breaks/end',
  method: 'POST',
  body: undefined,
  params: {},
  query: [Object: null prototype] {},
  ip: '127.0.0.1',
  userAgent: 'Mozilla/5.0 (Windows NT 10.0; Win64; x64) AppleWebKit/537.36 (KHTML, like Gecko) Chrome/143.0.0.0 Safari/537.36',
  level: 'error',
  timestamp: '2026-01-12 18:09:03'
}
{
  service: 'attendance-system',
  message: "Application Error Cannot destructure property 'breakId' of 'req.body' as it is undefined.",
  stack: "TypeError: Cannot destructure property 'breakId' of 'req.body' as it is undefined.\n" +
    '    at D:\\Zip 4\\attendance-system\\backend\\routes\\breaks.js:122:13\n' +
    '    at Layer.handleRequest (D:\\Zip 4\\attendance-system\\backend\\node_modules\\router\\lib\\layer.js:152:17)\n' +
    '    at next (D:\\Zip 4\\attendance-system\\backend\\node_modules\\router\\lib\\route.js:157:13)\n' +
    '    at D:\\Zip 4\\attendance-system\\backend\\middleware\\authenticateToken.js:111:13\n' +
    '    at authenticateToken (D:\\Zip 4\\attendance-system\\backend\\middleware\\authenticateToken.js:137:7)\n' +
    '    at Layer.handleRequest (D:\\Zip 4\\attendance-system\\backend\\node_modules\\router\\lib\\layer.js:152:17)\n' +
    '    at next (D:\\Zip 4\\attendance-system\\backend\\node_modules\\router\\lib\\route.js:157:13)\n' +
    '    at Route.dispatch (D:\\Zip 4\\attendance-system\\backend\\node_modules\\router\\lib\\route.js:117:3)\n' +
    '    at handle (D:\\Zip 4\\attendance-system\\backend\\node_modules\\router\\index.js:435:11)\n' +
    '    at Layer.handleRequest (D:\\Zip 4\\attendance-system\\backend\\node_modules\\router\\lib\\layer.js:152:17)',
  url: '/api/breaks/end',
  method: 'POST',
  body: undefined,
  params: {},
  query: [Object: null prototype] {},
  ip: '127.0.0.1',
  userAgent: 'Mozilla/5.0 (Windows NT 10.0; Win64; x64) AppleWebKit/537.36 (KHTML, like Gecko) Chrome/143.0.0.0 Safari/537.36',
  level: 'error',
  timestamp: '2026-01-12 18:09:03'
}
{
  service: 'attendance-system',
  message: "Application Error Cannot destructure property 'breakId' of 'req.body' as it is undefined.",
  stack: "TypeError: Cannot destructure property 'breakId' of 'req.body' as it is undefined.\n" +
    '    at D:\\Zip 4\\attendance-system\\backend\\routes\\breaks.js:122:13\n' +
    '    at Layer.handleRequest (D:\\Zip 4\\attendance-system\\backend\\node_modules\\router\\lib\\layer.js:152:17)\n' +
    '    at next (D:\\Zip 4\\attendance-system\\backend\\node_modules\\router\\lib\\route.js:157:13)\n' +
    '    at D:\\Zip 4\\attendance-system\\backend\\middleware\\authenticateToken.js:111:13\n' +
    '    at authenticateToken (D:\\Zip 4\\attendance-system\\backend\\middleware\\authenticateToken.js:137:7)\n' +
    '    at Layer.handleRequest (D:\\Zip 4\\attendance-system\\backend\\node_modules\\router\\lib\\layer.js:152:17)\n' +
    '    at next (D:\\Zip 4\\attendance-system\\backend\\node_modules\\router\\lib\\route.js:157:13)\n' +
    '    at Route.dispatch (D:\\Zip 4\\attendance-system\\backend\\node_modules\\router\\lib\\route.js:117:3)\n' +
    '    at handle (D:\\Zip 4\\attendance-system\\backend\\node_modules\\router\\index.js:435:11)\n' +
    '    at Layer.handleRequest (D:\\Zip 4\\attendance-system\\backend\\node_modules\\router\\lib\\layer.js:152:17)',
  url: '/api/breaks/end',
  method: 'POST',
  body: undefined,
  params: {},
  query: [Object: null prototype] {},
  ip: '127.0.0.1',
  userAgent: 'Mozilla/5.0 (Windows NT 10.0; Win64; x64) AppleWebKit/537.36 (KHTML, like Gecko) Chrome/143.0.0.0 Safari/537.36',
  level: 'error',
  timestamp: '2026-01-12 18:09:03'
}
{
  service: 'attendance-system',
  message: "Application Error Cannot destructure property 'breakId' of 'req.body' as it is undefined.",
  stack: "TypeError: Cannot destructure property 'breakId' of 'req.body' as it is undefined.\n" +
    '    at D:\\Zip 4\\attendance-system\\backend\\routes\\breaks.js:122:13\n' +
    '    at Layer.handleRequest (D:\\Zip 4\\attendance-system\\backend\\node_modules\\router\\lib\\layer.js:152:17)\n' +
    '    at next (D:\\Zip 4\\attendance-system\\backend\\node_modules\\router\\lib\\route.js:157:13)\n' +
    '    at D:\\Zip 4\\attendance-system\\backend\\middleware\\authenticateToken.js:111:13\n' +
    '    at authenticateToken (D:\\Zip 4\\attendance-system\\backend\\middleware\\authenticateToken.js:137:7)\n' +
    '    at Layer.handleRequest (D:\\Zip 4\\attendance-system\\backend\\node_modules\\router\\lib\\layer.js:152:17)\n' +
    '    at next (D:\\Zip 4\\attendance-system\\backend\\node_modules\\router\\lib\\route.js:157:13)\n' +
    '    at Route.dispatch (D:\\Zip 4\\attendance-system\\backend\\node_modules\\router\\lib\\route.js:117:3)\n' +
    '    at handle (D:\\Zip 4\\attendance-system\\backend\\node_modules\\router\\index.js:435:11)\n' +
    '    at Layer.handleRequest (D:\\Zip 4\\attendance-system\\backend\\node_modules\\router\\lib\\layer.js:152:17)',
  url: '/api/breaks/end',
  method: 'POST',
  body: undefined,
  params: {},
  query: [Object: null prototype] {},
  ip: '127.0.0.1',
  userAgent: 'Mozilla/5.0 (Windows NT 10.0; Win64; x64) AppleWebKit/537.36 (KHTML, like Gecko) Chrome/143.0.0.0 Safari/537.36',
  level: 'error',
  timestamp: '2026-01-12 18:09:03'
}
{
  service: 'attendance-system',
  message: "Application Error Cannot destructure property 'breakId' of 'req.body' as it is undefined.",
  stack: "TypeError: Cannot destructure property 'breakId' of 'req.body' as it is undefined.\n" +
    '    at D:\\Zip 4\\attendance-system\\backend\\routes\\breaks.js:122:13\n' +
    '    at Layer.handleRequest (D:\\Zip 4\\attendance-system\\backend\\node_modules\\router\\lib\\layer.js:152:17)\n' +
    '    at next (D:\\Zip 4\\attendance-system\\backend\\node_modules\\router\\lib\\route.js:157:13)\n' +
    '    at D:\\Zip 4\\attendance-system\\backend\\middleware\\authenticateToken.js:111:13\n' +
    '    at authenticateToken (D:\\Zip 4\\attendance-system\\backend\\middleware\\authenticateToken.js:137:7)\n' +
    '    at Layer.handleRequest (D:\\Zip 4\\attendance-system\\backend\\node_modules\\router\\lib\\layer.js:152:17)\n' +
    '    at next (D:\\Zip 4\\attendance-system\\backend\\node_modules\\router\\lib\\route.js:157:13)\n' +
    '    at Route.dispatch (D:\\Zip 4\\attendance-system\\backend\\node_modules\\router\\lib\\route.js:117:3)\n' +
    '    at handle (D:\\Zip 4\\attendance-system\\backend\\node_modules\\router\\index.js:435:11)\n' +
    '    at Layer.handleRequest (D:\\Zip 4\\attendance-system\\backend\\node_modules\\router\\lib\\layer.js:152:17)',
  url: '/api/breaks/end',
  method: 'POST',
  body: undefined,
  params: {},
  query: [Object: null prototype] {},
  ip: '127.0.0.1',
  userAgent: 'Mozilla/5.0 (Windows NT 10.0; Win64; x64) AppleWebKit/537.36 (KHTML, like Gecko) Chrome/143.0.0.0 Safari/537.36',
  level: 'error',
  timestamp: '2026-01-12 18:23:48'
}
{
  service: 'attendance-system',
  message: "Application Error Cannot destructure property 'breakId' of 'req.body' as it is undefined.",
  stack: "TypeError: Cannot destructure property 'breakId' of 'req.body' as it is undefined.\n" +
    '    at D:\\Zip 4\\attendance-system\\backend\\routes\\breaks.js:122:13\n' +
    '    at Layer.handleRequest (D:\\Zip 4\\attendance-system\\backend\\node_modules\\router\\lib\\layer.js:152:17)\n' +
    '    at next (D:\\Zip 4\\attendance-system\\backend\\node_modules\\router\\lib\\route.js:157:13)\n' +
    '    at D:\\Zip 4\\attendance-system\\backend\\middleware\\authenticateToken.js:111:13\n' +
    '    at authenticateToken (D:\\Zip 4\\attendance-system\\backend\\middleware\\authenticateToken.js:137:7)\n' +
    '    at Layer.handleRequest (D:\\Zip 4\\attendance-system\\backend\\node_modules\\router\\lib\\layer.js:152:17)\n' +
    '    at next (D:\\Zip 4\\attendance-system\\backend\\node_modules\\router\\lib\\route.js:157:13)\n' +
    '    at Route.dispatch (D:\\Zip 4\\attendance-system\\backend\\node_modules\\router\\lib\\route.js:117:3)\n' +
    '    at handle (D:\\Zip 4\\attendance-system\\backend\\node_modules\\router\\index.js:435:11)\n' +
    '    at Layer.handleRequest (D:\\Zip 4\\attendance-system\\backend\\node_modules\\router\\lib\\layer.js:152:17)',
  url: '/api/breaks/end',
  method: 'POST',
  body: undefined,
  params: {},
  query: [Object: null prototype] {},
  ip: '127.0.0.1',
  userAgent: 'Mozilla/5.0 (Windows NT 10.0; Win64; x64) AppleWebKit/537.36 (KHTML, like Gecko) Chrome/143.0.0.0 Safari/537.36',
  level: 'error',
  timestamp: '2026-01-12 18:23:52'
}
{
  service: 'attendance-system',
  message: "Application Error Cannot destructure property 'breakId' of 'req.body' as it is undefined.",
  stack: "TypeError: Cannot destructure property 'breakId' of 'req.body' as it is undefined.\n" +
    '    at D:\\Zip 4\\attendance-system\\backend\\routes\\breaks.js:122:13\n' +
    '    at Layer.handleRequest (D:\\Zip 4\\attendance-system\\backend\\node_modules\\router\\lib\\layer.js:152:17)\n' +
    '    at next (D:\\Zip 4\\attendance-system\\backend\\node_modules\\router\\lib\\route.js:157:13)\n' +
    '    at D:\\Zip 4\\attendance-system\\backend\\middleware\\authenticateToken.js:111:13\n' +
    '    at authenticateToken (D:\\Zip 4\\attendance-system\\backend\\middleware\\authenticateToken.js:137:7)\n' +
    '    at Layer.handleRequest (D:\\Zip 4\\attendance-system\\backend\\node_modules\\router\\lib\\layer.js:152:17)\n' +
    '    at next (D:\\Zip 4\\attendance-system\\backend\\node_modules\\router\\lib\\route.js:157:13)\n' +
    '    at Route.dispatch (D:\\Zip 4\\attendance-system\\backend\\node_modules\\router\\lib\\route.js:117:3)\n' +
    '    at handle (D:\\Zip 4\\attendance-system\\backend\\node_modules\\router\\index.js:435:11)\n' +
    '    at Layer.handleRequest (D:\\Zip 4\\attendance-system\\backend\\node_modules\\router\\lib\\layer.js:152:17)',
  url: '/api/breaks/end',
  method: 'POST',
  body: undefined,
  params: {},
  query: [Object: null prototype] {},
  ip: '127.0.0.1',
  userAgent: 'Mozilla/5.0 (Windows NT 10.0; Win64; x64) AppleWebKit/537.36 (KHTML, like Gecko) Chrome/143.0.0.0 Safari/537.36',
  level: 'error',
  timestamp: '2026-01-12 18:26:21'
}
{
  service: 'attendance-system',
  message: "Application Error Cannot destructure property 'breakId' of 'req.body' as it is undefined.",
  stack: "TypeError: Cannot destructure property 'breakId' of 'req.body' as it is undefined.\n" +
    '    at D:\\Zip 4\\attendance-system\\backend\\routes\\breaks.js:122:13\n' +
    '    at Layer.handleRequest (D:\\Zip 4\\attendance-system\\backend\\node_modules\\router\\lib\\layer.js:152:17)\n' +
    '    at next (D:\\Zip 4\\attendance-system\\backend\\node_modules\\router\\lib\\route.js:157:13)\n' +
    '    at D:\\Zip 4\\attendance-system\\backend\\middleware\\authenticateToken.js:111:13\n' +
    '    at authenticateToken (D:\\Zip 4\\attendance-system\\backend\\middleware\\authenticateToken.js:137:7)\n' +
    '    at Layer.handleRequest (D:\\Zip 4\\attendance-system\\backend\\node_modules\\router\\lib\\layer.js:152:17)\n' +
    '    at next (D:\\Zip 4\\attendance-system\\backend\\node_modules\\router\\lib\\route.js:157:13)\n' +
    '    at Route.dispatch (D:\\Zip 4\\attendance-system\\backend\\node_modules\\router\\lib\\route.js:117:3)\n' +
    '    at handle (D:\\Zip 4\\attendance-system\\backend\\node_modules\\router\\index.js:435:11)\n' +
    '    at Layer.handleRequest (D:\\Zip 4\\attendance-system\\backend\\node_modules\\router\\lib\\layer.js:152:17)',
  url: '/api/breaks/end',
  method: 'POST',
  body: undefined,
  params: {},
  query: [Object: null prototype] {},
  ip: '127.0.0.1',
  userAgent: 'Mozilla/5.0 (Windows NT 10.0; Win64; x64) AppleWebKit/537.36 (KHTML, like Gecko) Chrome/143.0.0.0 Safari/537.36',
  level: 'error',
  timestamp: '2026-01-12 18:26:25'
}
